<?xml version="1.0" encoding="UTF-8"?>
<testng-results ignored="0" total="1" passed="1" failed="0" skipped="0">
  <reporter-output>
  </reporter-output>
  <suite started-at="2021-06-10T20:57:46Z" name="Default suite" finished-at="2021-06-10T20:59:02Z" duration-ms="75586">
    <groups>
      <group name="cucumber">
        <method signature="AbstractTestNGCucumberTests.runScenario(io.cucumber.testng.PickleWrapper, io.cucumber.testng.FeatureWrapper)[pri:0, instance:testRunner.TestRunner@77b14724]" name="runScenario" class="io.cucumber.testng.AbstractTestNGCucumberTests"/>
      </group> <!-- cucumber -->
    </groups>
    <test started-at="2021-06-10T20:57:46Z" name="Default test" finished-at="2021-06-10T20:59:02Z" duration-ms="75586">
      <class name="testRunner.TestRunner">
        <test-method is-config="true" signature="setUpClass()[pri:0, instance:testRunner.TestRunner@77b14724]" started-at="2021-06-10T20:57:46Z" name="setUpClass" finished-at="2021-06-10T20:57:48Z" duration-ms="1318" status="PASS">
          <reporter-output>
          </reporter-output>
        </test-method> <!-- setUpClass -->
        <test-method signature="runScenario(io.cucumber.testng.PickleWrapper, io.cucumber.testng.FeatureWrapper)[pri:0, instance:testRunner.TestRunner@77b14724]" started-at="2021-06-10T20:57:48Z" name="runScenario" description="Runs Cucumber Scenarios" data-provider="scenarios" finished-at="2021-06-10T20:59:01Z" duration-ms="73132" status="PASS">
          <params>
            <param index="0">
              <value>
                <![CDATA["Successful Login with Valid credential"]]>
              </value>
            </param>
            <param index="1">
              <value>
                <![CDATA["Optional[Login]"]]>
              </value>
            </param>
          </params>
          <reporter-output>
          </reporter-output>
        </test-method> <!-- runScenario -->
        <test-method is-config="true" signature="tearDownClass()[pri:0, instance:testRunner.TestRunner@77b14724]" started-at="2021-06-10T20:59:01Z" name="tearDownClass" finished-at="2021-06-10T20:59:02Z" duration-ms="1105" status="PASS">
          <reporter-output>
          </reporter-output>
        </test-method> <!-- tearDownClass -->
      </class> <!-- testRunner.TestRunner -->
    </test> <!-- Default test -->
  </suite> <!-- Default suite -->
</testng-results>
